03-09-2023 17:32:25 [main] INFO  c.p.carCatalog.CarCatalogApplication.logStarting -Starting CarCatalogApplication using Java 18.0.2.1 on DESKTOP-IE98DU3 with PID 15512 (D:\Programming\Portfolio projects\carCatalog\target\classes started by MyPC in D:\Programming\Portfolio projects\carCatalog)
03-09-2023 17:32:25 [main] INFO  c.p.carCatalog.CarCatalogApplication.logStartupProfileInfo -The following 1 profile is active: "postgre"
03-09-2023 17:32:26 [main] INFO  o.s.d.r.c.RepositoryConfigurationDelegate.registerRepositoriesIn -Bootstrapping Spring Data JPA repositories in DEFAULT mode.
03-09-2023 17:32:26 [main] INFO  o.s.d.r.c.RepositoryConfigurationDelegate.registerRepositoriesIn -Finished Spring Data repository scanning in 67 ms. Found 5 JPA repository interfaces.
03-09-2023 17:32:26 [main] INFO  o.s.c.s.PostProcessorRegistrationDelegate$BeanPostProcessorChecker.postProcessAfterInitialization -Bean 'org.springframework.ws.config.annotation.DelegatingWsConfiguration' of type [org.springframework.ws.config.annotation.DelegatingWsConfiguration$$EnhancerBySpringCGLIB$$10f94f73] is not eligible for getting processed by all BeanPostProcessors (for example: not eligible for auto-proxying)
03-09-2023 17:32:26 [main] INFO  o.s.w.s.a.s.AnnotationActionEndpointMapping.afterPropertiesSet -Supporting [WS-Addressing August 2004, WS-Addressing 1.0]
03-09-2023 17:32:26 [main] INFO  o.s.b.w.e.tomcat.TomcatWebServer.initialize -Tomcat initialized with port(s): 8081 (http)
03-09-2023 17:32:27 [main] INFO  o.a.catalina.core.StandardService.log -Starting service [Tomcat]
03-09-2023 17:32:27 [main] INFO  o.a.catalina.core.StandardEngine.log -Starting Servlet engine: [Apache Tomcat/9.0.79]
03-09-2023 17:32:27 [main] INFO  o.a.c.c.C.[Tomcat].[localhost].[/].log -Initializing Spring embedded WebApplicationContext
03-09-2023 17:32:27 [main] INFO  o.s.b.w.s.c.ServletWebServerApplicationContext.prepareWebApplicationContext -Root WebApplicationContext: initialization completed in 1784 ms
03-09-2023 17:32:27 [main] INFO  o.h.jpa.internal.util.LogHelper.logPersistenceUnitInformation -HHH000204: Processing PersistenceUnitInfo [name: default]
03-09-2023 17:32:27 [main] INFO  org.hibernate.Version.logVersion -HHH000412: Hibernate ORM core version 5.6.15.Final
03-09-2023 17:32:27 [main] INFO  o.h.annotations.common.Version.<clinit> -HCANN000001: Hibernate Commons Annotations {5.1.2.Final}
03-09-2023 17:32:27 [main] INFO  com.zaxxer.hikari.HikariDataSource.getConnection -HikariPool-1 - Starting...
03-09-2023 17:32:27 [main] INFO  com.zaxxer.hikari.HikariDataSource.getConnection -HikariPool-1 - Start completed.
03-09-2023 17:32:27 [main] INFO  org.hibernate.dialect.Dialect.<init> -HHH000400: Using dialect: org.hibernate.dialect.PostgreSQL10Dialect
03-09-2023 17:32:28 [main] INFO  o.h.e.t.j.p.i.JtaPlatformInitiator.initiateService -HHH000490: Using JtaPlatform implementation: [org.hibernate.engine.transaction.jta.platform.internal.NoJtaPlatform]
03-09-2023 17:32:28 [main] INFO  o.s.o.j.LocalContainerEntityManagerFactoryBean.buildNativeEntityManagerFactory -Initialized JPA EntityManagerFactory for persistence unit 'default'
03-09-2023 17:32:29 [main] WARN  o.s.b.a.o.j.JpaBaseConfiguration$JpaWebConfiguration.openEntityManagerInViewInterceptor -spring.jpa.open-in-view is enabled by default. Therefore, database queries may be performed during view rendering. Explicitly configure spring.jpa.open-in-view to disable this warning
03-09-2023 17:32:29 [main] INFO  o.s.b.w.e.tomcat.TomcatWebServer.start -Tomcat started on port(s): 8081 (http) with context path ''
03-09-2023 17:32:29 [main] INFO  c.p.carCatalog.CarCatalogApplication.logStarted -Started CarCatalogApplication in 5.066 seconds (JVM running for 5.536)
03-09-2023 17:32:33 [http-nio-8081-exec-2] INFO  o.a.c.c.C.[Tomcat].[localhost].[/].log -Initializing Spring DispatcherServlet 'dispatcherServlet'
03-09-2023 17:32:33 [http-nio-8081-exec-2] INFO  o.s.web.servlet.DispatcherServlet.initServletBean -Initializing Servlet 'dispatcherServlet'
03-09-2023 17:32:33 [http-nio-8081-exec-2] INFO  o.s.web.servlet.DispatcherServlet.initServletBean -Completed initialization in 1 ms
03-09-2023 17:32:33 [http-nio-8081-exec-2] INFO  c.p.c.controllers.BrandController.addBrand -A request for brand to be added has been submitted
03-09-2023 17:32:33 [http-nio-8081-exec-2] INFO  c.p.carCatalog.services.BrandService.addBrand -An attempt to save a brand in the database
03-09-2023 17:32:47 [http-nio-8081-exec-3] INFO  c.p.c.controllers.BrandController.getAllBrands -All brands were requested from the database
03-09-2023 17:32:47 [http-nio-8081-exec-3] INFO  c.p.carCatalog.services.BrandService.getAllBrands -An attempt to extract all brand from database
03-09-2023 17:32:47 [http-nio-8081-exec-3] INFO  c.p.carCatalog.mappers.BrandMapper.mapBrandToBrandDtoList -Brand list is being mapped to dto
03-09-2023 17:32:47 [http-nio-8081-exec-3] INFO  c.p.carCatalog.mappers.BrandMapper.mapBrandToBrandDto -Brand  Bmw is being mapped to a dto
03-09-2023 17:32:58 [http-nio-8081-exec-4] INFO  c.p.c.controllers.BrandController.getBrandByName -Brand with name Bmw was requested from database
03-09-2023 17:32:58 [http-nio-8081-exec-4] INFO  c.p.carCatalog.services.BrandService.getBrandDtoByName -An attempt to extract brand with name Bmw from database
03-09-2023 17:32:58 [http-nio-8081-exec-4] INFO  c.p.carCatalog.mappers.BrandMapper.mapBrandToBrandDto -Brand  Bmw is being mapped to a dto
03-09-2023 17:33:04 [http-nio-8081-exec-5] INFO  c.p.c.controllers.BrandController.getBrandByName -Brand with name kys was requested from database
03-09-2023 17:33:04 [http-nio-8081-exec-5] INFO  c.p.carCatalog.services.BrandService.getBrandDtoByName -An attempt to extract brand with name kys from database
03-09-2023 17:33:04 [http-nio-8081-exec-5] ERROR c.p.carCatalog.services.BrandService.lambda$getBrandDtoByName$1 -Exception caught: No such brand was found in the database
03-09-2023 17:33:04 [http-nio-8081-exec-5] ERROR o.a.c.c.C.[.[.[.[dispatcherServlet].log -Servlet.service() for servlet [dispatcherServlet] in context with path [] threw exception [Request processing failed; nested exception is com.petkoivanov.carCatalog.exceptions.EntityNotFoundException: No such brand was found in the database] with root cause
com.petkoivanov.carCatalog.exceptions.EntityNotFoundException: No such brand was found in the database
	at com.petkoivanov.carCatalog.services.BrandService.lambda$getBrandDtoByName$1(BrandService.java:64)
	at java.base/java.util.Optional.orElseThrow(Optional.java:403)
	at com.petkoivanov.carCatalog.services.BrandService.getBrandDtoByName(BrandService.java:61)
	at com.petkoivanov.carCatalog.controllers.BrandController.getBrandByName(BrandController.java:65)
	at java.base/jdk.internal.reflect.DirectMethodHandleAccessor.invoke(DirectMethodHandleAccessor.java:104)
	at java.base/java.lang.reflect.Method.invoke(Method.java:577)
	at org.springframework.web.method.support.InvocableHandlerMethod.doInvoke(InvocableHandlerMethod.java:205)
	at org.springframework.web.method.support.InvocableHandlerMethod.invokeForRequest(InvocableHandlerMethod.java:150)
	at org.springframework.web.servlet.mvc.method.annotation.ServletInvocableHandlerMethod.invokeAndHandle(ServletInvocableHandlerMethod.java:117)
	at org.springframework.web.servlet.mvc.method.annotation.RequestMappingHandlerAdapter.invokeHandlerMethod(RequestMappingHandlerAdapter.java:895)
	at org.springframework.web.servlet.mvc.method.annotation.RequestMappingHandlerAdapter.handleInternal(RequestMappingHandlerAdapter.java:808)
	at org.springframework.web.servlet.mvc.method.AbstractHandlerMethodAdapter.handle(AbstractHandlerMethodAdapter.java:87)
	at org.springframework.web.servlet.DispatcherServlet.doDispatch(DispatcherServlet.java:1072)
	at org.springframework.web.servlet.DispatcherServlet.doService(DispatcherServlet.java:965)
	at org.springframework.web.servlet.FrameworkServlet.processRequest(FrameworkServlet.java:1006)
	at org.springframework.web.servlet.FrameworkServlet.doGet(FrameworkServlet.java:898)
	at javax.servlet.http.HttpServlet.service(HttpServlet.java:529)
	at org.springframework.web.servlet.FrameworkServlet.service(FrameworkServlet.java:883)
	at javax.servlet.http.HttpServlet.service(HttpServlet.java:623)
	at org.apache.catalina.core.ApplicationFilterChain.internalDoFilter(ApplicationFilterChain.java:209)
	at org.apache.catalina.core.ApplicationFilterChain.doFilter(ApplicationFilterChain.java:153)
	at org.apache.tomcat.websocket.server.WsFilter.doFilter(WsFilter.java:51)
	at org.apache.catalina.core.ApplicationFilterChain.internalDoFilter(ApplicationFilterChain.java:178)
	at org.apache.catalina.core.ApplicationFilterChain.doFilter(ApplicationFilterChain.java:153)
	at org.springframework.web.filter.RequestContextFilter.doFilterInternal(RequestContextFilter.java:100)
	at org.springframework.web.filter.OncePerRequestFilter.doFilter(OncePerRequestFilter.java:117)
	at org.apache.catalina.core.ApplicationFilterChain.internalDoFilter(ApplicationFilterChain.java:178)
	at org.apache.catalina.core.ApplicationFilterChain.doFilter(ApplicationFilterChain.java:153)
	at org.springframework.web.filter.FormContentFilter.doFilterInternal(FormContentFilter.java:93)
	at org.springframework.web.filter.OncePerRequestFilter.doFilter(OncePerRequestFilter.java:117)
	at org.apache.catalina.core.ApplicationFilterChain.internalDoFilter(ApplicationFilterChain.java:178)
	at org.apache.catalina.core.ApplicationFilterChain.doFilter(ApplicationFilterChain.java:153)
	at org.springframework.web.filter.CharacterEncodingFilter.doFilterInternal(CharacterEncodingFilter.java:201)
	at org.springframework.web.filter.OncePerRequestFilter.doFilter(OncePerRequestFilter.java:117)
	at org.apache.catalina.core.ApplicationFilterChain.internalDoFilter(ApplicationFilterChain.java:178)
	at org.apache.catalina.core.ApplicationFilterChain.doFilter(ApplicationFilterChain.java:153)
	at org.apache.catalina.core.StandardWrapperValve.invoke(StandardWrapperValve.java:167)
	at org.apache.catalina.core.StandardContextValve.invoke(StandardContextValve.java:90)
	at org.apache.catalina.authenticator.AuthenticatorBase.invoke(AuthenticatorBase.java:481)
	at org.apache.catalina.core.StandardHostValve.invoke(StandardHostValve.java:130)
	at org.apache.catalina.valves.ErrorReportValve.invoke(ErrorReportValve.java:93)
	at org.apache.catalina.core.StandardEngineValve.invoke(StandardEngineValve.java:74)
	at org.apache.catalina.connector.CoyoteAdapter.service(CoyoteAdapter.java:343)
	at org.apache.coyote.http11.Http11Processor.service(Http11Processor.java:390)
	at org.apache.coyote.AbstractProcessorLight.process(AbstractProcessorLight.java:63)
	at org.apache.coyote.AbstractProtocol$ConnectionHandler.process(AbstractProtocol.java:926)
	at org.apache.tomcat.util.net.NioEndpoint$SocketProcessor.doRun(NioEndpoint.java:1790)
	at org.apache.tomcat.util.net.SocketProcessorBase.run(SocketProcessorBase.java:52)
	at org.apache.tomcat.util.threads.ThreadPoolExecutor.runWorker(ThreadPoolExecutor.java:1191)
	at org.apache.tomcat.util.threads.ThreadPoolExecutor$Worker.run(ThreadPoolExecutor.java:659)
	at org.apache.tomcat.util.threads.TaskThread$WrappingRunnable.run(TaskThread.java:61)
	at java.base/java.lang.Thread.run(Thread.java:833)
03-09-2023 17:33:47 [http-nio-8081-exec-8] INFO  c.p.carCatalog.services.BrandService.getBrandDtoById -An attempt to extract brand with id 1 from database
03-09-2023 17:33:47 [http-nio-8081-exec-8] INFO  c.p.carCatalog.mappers.BrandMapper.mapBrandToBrandDto -Brand  Bmw is being mapped to a dto
03-09-2023 17:33:47 [http-nio-8081-exec-8] INFO  c.p.carCatalog.services.BrandService.updateBrand -An attempt to update brand with id 1
03-09-2023 17:33:47 [http-nio-8081-exec-8] INFO  c.p.c.controllers.BrandController.updateBrand -Brand with id 1 was updated
03-09-2023 17:33:55 [http-nio-8081-exec-9] INFO  c.p.c.controllers.BrandController.getAllBrands -All brands were requested from the database
03-09-2023 17:33:55 [http-nio-8081-exec-9] INFO  c.p.carCatalog.services.BrandService.getAllBrands -An attempt to extract all brand from database
03-09-2023 17:33:55 [http-nio-8081-exec-9] INFO  c.p.carCatalog.mappers.BrandMapper.mapBrandToBrandDtoList -Brand list is being mapped to dto
03-09-2023 17:33:55 [http-nio-8081-exec-9] INFO  c.p.carCatalog.mappers.BrandMapper.mapBrandToBrandDto -Brand  Mercedes is being mapped to a dto
03-09-2023 17:34:08 [SpringApplicationShutdownHook] INFO  o.s.o.j.LocalContainerEntityManagerFactoryBean.destroy -Closing JPA EntityManagerFactory for persistence unit 'default'
03-09-2023 17:34:08 [SpringApplicationShutdownHook] INFO  com.zaxxer.hikari.HikariDataSource.close -HikariPool-1 - Shutdown initiated...
03-09-2023 17:34:08 [SpringApplicationShutdownHook] INFO  com.zaxxer.hikari.HikariDataSource.close -HikariPool-1 - Shutdown completed.
03-09-2023 17:40:17 [main] INFO  c.p.carCatalog.CarCatalogApplication.logStarting -Starting CarCatalogApplication using Java 18.0.2.1 on DESKTOP-IE98DU3 with PID 20640 (D:\Programming\Portfolio projects\carCatalog\target\classes started by MyPC in D:\Programming\Portfolio projects\carCatalog)
03-09-2023 17:40:17 [main] INFO  c.p.carCatalog.CarCatalogApplication.logStartupProfileInfo -The following 1 profile is active: "postgre"
03-09-2023 17:40:18 [main] INFO  o.s.d.r.c.RepositoryConfigurationDelegate.registerRepositoriesIn -Bootstrapping Spring Data JPA repositories in DEFAULT mode.
03-09-2023 17:40:18 [main] INFO  o.s.d.r.c.RepositoryConfigurationDelegate.registerRepositoriesIn -Finished Spring Data repository scanning in 60 ms. Found 5 JPA repository interfaces.
03-09-2023 17:40:18 [main] INFO  o.s.c.s.PostProcessorRegistrationDelegate$BeanPostProcessorChecker.postProcessAfterInitialization -Bean 'org.springframework.ws.config.annotation.DelegatingWsConfiguration' of type [org.springframework.ws.config.annotation.DelegatingWsConfiguration$$EnhancerBySpringCGLIB$$c7b69b82] is not eligible for getting processed by all BeanPostProcessors (for example: not eligible for auto-proxying)
03-09-2023 17:40:19 [main] INFO  o.s.w.s.a.s.AnnotationActionEndpointMapping.afterPropertiesSet -Supporting [WS-Addressing August 2004, WS-Addressing 1.0]
03-09-2023 17:40:19 [main] INFO  o.s.b.w.e.tomcat.TomcatWebServer.initialize -Tomcat initialized with port(s): 8081 (http)
03-09-2023 17:40:19 [main] INFO  o.s.b.w.s.c.ServletWebServerApplicationContext.prepareWebApplicationContext -Root WebApplicationContext: initialization completed in 1710 ms
03-09-2023 17:40:19 [main] INFO  o.h.jpa.internal.util.LogHelper.logPersistenceUnitInformation -HHH000204: Processing PersistenceUnitInfo [name: default]
03-09-2023 17:40:19 [main] INFO  org.hibernate.Version.logVersion -HHH000412: Hibernate ORM core version 5.6.15.Final
03-09-2023 17:40:20 [main] INFO  o.h.annotations.common.Version.<clinit> -HCANN000001: Hibernate Commons Annotations {5.1.2.Final}
03-09-2023 17:40:20 [main] INFO  com.zaxxer.hikari.HikariDataSource.getConnection -HikariPool-1 - Starting...
03-09-2023 17:40:20 [main] INFO  com.zaxxer.hikari.HikariDataSource.getConnection -HikariPool-1 - Start completed.
03-09-2023 17:40:20 [main] INFO  org.hibernate.dialect.Dialect.<init> -HHH000400: Using dialect: org.hibernate.dialect.PostgreSQL10Dialect
03-09-2023 17:40:21 [main] INFO  o.h.e.t.j.p.i.JtaPlatformInitiator.initiateService -HHH000490: Using JtaPlatform implementation: [org.hibernate.engine.transaction.jta.platform.internal.NoJtaPlatform]
03-09-2023 17:40:21 [main] INFO  o.s.o.j.LocalContainerEntityManagerFactoryBean.buildNativeEntityManagerFactory -Initialized JPA EntityManagerFactory for persistence unit 'default'
03-09-2023 17:40:22 [main] WARN  o.s.b.a.o.j.JpaBaseConfiguration$JpaWebConfiguration.openEntityManagerInViewInterceptor -spring.jpa.open-in-view is enabled by default. Therefore, database queries may be performed during view rendering. Explicitly configure spring.jpa.open-in-view to disable this warning
03-09-2023 17:40:22 [main] INFO  o.s.b.w.e.tomcat.TomcatWebServer.start -Tomcat started on port(s): 8081 (http) with context path ''
03-09-2023 17:40:22 [main] INFO  c.p.carCatalog.CarCatalogApplication.logStarted -Started CarCatalogApplication in 5.326 seconds (JVM running for 5.808)
03-09-2023 17:40:22 [SpringApplicationShutdownHook] INFO  o.s.o.j.LocalContainerEntityManagerFactoryBean.destroy -Closing JPA EntityManagerFactory for persistence unit 'default'
03-09-2023 17:40:22 [SpringApplicationShutdownHook] INFO  com.zaxxer.hikari.HikariDataSource.close -HikariPool-1 - Shutdown initiated...
03-09-2023 17:40:22 [SpringApplicationShutdownHook] INFO  com.zaxxer.hikari.HikariDataSource.close -HikariPool-1 - Shutdown completed.
